
2017-10-11 14:40:23
[ERROR]-[Thread: qtp23479252-15]-[com.jfinal.core.ActionHandler.handle()]: /
com.jfinal.render.RenderException: java.lang.RuntimeException: File not found : C:\Users\16315\Downloads\jfinal_demo_for_maven\src\main\webapp/index/blog.html
	at com.jfinal.render.TemplateRender.render(TemplateRender.java:63)
	at com.jfinal.core.ActionHandler.handle(ActionHandler.java:99)
	at com.jfinal.core.JFinalFilter.doFilter(JFinalFilter.java:73)
	at org.eclipse.jetty.servlet.ServletHandler$CachedChain.doFilter(ServletHandler.java:1307)
	at org.eclipse.jetty.servlet.ServletHandler.doHandle(ServletHandler.java:453)
	at org.eclipse.jetty.server.handler.ScopedHandler.handle(ScopedHandler.java:137)
	at org.eclipse.jetty.security.SecurityHandler.handle(SecurityHandler.java:560)
	at org.eclipse.jetty.server.session.SessionHandler.doHandle(SessionHandler.java:231)
	at org.eclipse.jetty.server.handler.ContextHandler.doHandle(ContextHandler.java:1072)
	at org.eclipse.jetty.servlet.ServletHandler.doScope(ServletHandler.java:382)
	at org.eclipse.jetty.server.session.SessionHandler.doScope(SessionHandler.java:193)
	at org.eclipse.jetty.server.handler.ContextHandler.doScope(ContextHandler.java:1006)
	at org.eclipse.jetty.server.handler.ScopedHandler.handle(ScopedHandler.java:135)
	at org.eclipse.jetty.server.handler.HandlerWrapper.handle(HandlerWrapper.java:116)
	at org.eclipse.jetty.server.Server.handle(Server.java:365)
	at org.eclipse.jetty.server.AbstractHttpConnection.handleRequest(AbstractHttpConnection.java:485)
	at org.eclipse.jetty.server.AbstractHttpConnection.headerComplete(AbstractHttpConnection.java:926)
	at org.eclipse.jetty.server.AbstractHttpConnection$RequestHandler.headerComplete(AbstractHttpConnection.java:988)
	at org.eclipse.jetty.http.HttpParser.parseNext(HttpParser.java:635)
	at org.eclipse.jetty.http.HttpParser.parseAvailable(HttpParser.java:235)
	at org.eclipse.jetty.server.AsyncHttpConnection.handle(AsyncHttpConnection.java:82)
	at org.eclipse.jetty.io.nio.SelectChannelEndPoint.handle(SelectChannelEndPoint.java:628)
	at org.eclipse.jetty.io.nio.SelectChannelEndPoint$1.run(SelectChannelEndPoint.java:52)
	at org.eclipse.jetty.util.thread.QueuedThreadPool.runJob(QueuedThreadPool.java:608)
	at org.eclipse.jetty.util.thread.QueuedThreadPool$3.run(QueuedThreadPool.java:543)
	at java.lang.Thread.run(Unknown Source)
Caused by: java.lang.RuntimeException: File not found : C:\Users\16315\Downloads\jfinal_demo_for_maven\src\main\webapp/index/blog.html
	at com.jfinal.template.source.FileSource.getContent(FileSource.java:70)
	at com.jfinal.template.Engine.buildTemplateBySourceFactory(Engine.java:153)
	at com.jfinal.template.Engine.getTemplate(Engine.java:138)
	at com.jfinal.render.TemplateRender.render(TemplateRender.java:60)
	... 25 more

2017-10-11 15:21:14
[ERROR]-[Thread: qtp23479252-16]-[com.jfinal.core.ActionHandler.handle()]: /long2ShortUrl?url=123
java.lang.RuntimeException: java.lang.reflect.InvocationTargetException
	at com.jfinal.aop.Invocation.invoke(Invocation.java:87)
	at com.demo.blog.BlogInterceptor.intercept(BlogInterceptor.java:17)
	at com.jfinal.aop.Invocation.invoke(Invocation.java:67)
	at com.jfinal.core.ActionHandler.handle(ActionHandler.java:74)
	at com.jfinal.core.JFinalFilter.doFilter(JFinalFilter.java:73)
	at org.eclipse.jetty.servlet.ServletHandler$CachedChain.doFilter(ServletHandler.java:1307)
	at org.eclipse.jetty.servlet.ServletHandler.doHandle(ServletHandler.java:453)
	at org.eclipse.jetty.server.handler.ScopedHandler.handle(ScopedHandler.java:137)
	at org.eclipse.jetty.security.SecurityHandler.handle(SecurityHandler.java:560)
	at org.eclipse.jetty.server.session.SessionHandler.doHandle(SessionHandler.java:231)
	at org.eclipse.jetty.server.handler.ContextHandler.doHandle(ContextHandler.java:1072)
	at org.eclipse.jetty.servlet.ServletHandler.doScope(ServletHandler.java:382)
	at org.eclipse.jetty.server.session.SessionHandler.doScope(SessionHandler.java:193)
	at org.eclipse.jetty.server.handler.ContextHandler.doScope(ContextHandler.java:1006)
	at org.eclipse.jetty.server.handler.ScopedHandler.handle(ScopedHandler.java:135)
	at org.eclipse.jetty.server.handler.HandlerWrapper.handle(HandlerWrapper.java:116)
	at org.eclipse.jetty.server.Server.handle(Server.java:365)
	at org.eclipse.jetty.server.AbstractHttpConnection.handleRequest(AbstractHttpConnection.java:485)
	at org.eclipse.jetty.server.AbstractHttpConnection.headerComplete(AbstractHttpConnection.java:926)
	at org.eclipse.jetty.server.AbstractHttpConnection$RequestHandler.headerComplete(AbstractHttpConnection.java:988)
	at org.eclipse.jetty.http.HttpParser.parseNext(HttpParser.java:635)
	at org.eclipse.jetty.http.HttpParser.parseAvailable(HttpParser.java:235)
	at org.eclipse.jetty.server.AsyncHttpConnection.handle(AsyncHttpConnection.java:82)
	at org.eclipse.jetty.io.nio.SelectChannelEndPoint.handle(SelectChannelEndPoint.java:628)
	at org.eclipse.jetty.io.nio.SelectChannelEndPoint$1.run(SelectChannelEndPoint.java:52)
	at org.eclipse.jetty.util.thread.QueuedThreadPool.runJob(QueuedThreadPool.java:608)
	at org.eclipse.jetty.util.thread.QueuedThreadPool$3.run(QueuedThreadPool.java:543)
	at java.lang.Thread.run(Unknown Source)
Caused by: java.lang.reflect.InvocationTargetException
	at sun.reflect.NativeMethodAccessorImpl.invoke0(Native Method)
	at sun.reflect.NativeMethodAccessorImpl.invoke(Unknown Source)
	at sun.reflect.DelegatingMethodAccessorImpl.invoke(Unknown Source)
	at java.lang.reflect.Method.invoke(Unknown Source)
	at com.jfinal.aop.Invocation.invoke(Invocation.java:73)
	... 27 more
Caused by: java.lang.NoClassDefFoundError: org/apache/commons/httpclient/HttpConnectionManager
	at weibo4j.Weibo.<clinit>(Weibo.java:9)
	at util.ShortUrlService.LongToShortUrl(ShortUrlService.java:9)
	at com.demo.blog.LongtoShortUrlController.index(LongtoShortUrlController.java:34)
	... 32 more
Caused by: java.lang.ClassNotFoundException: org.apache.commons.httpclient.HttpConnectionManager
	at java.net.URLClassLoader.findClass(Unknown Source)
	at java.lang.ClassLoader.loadClass(Unknown Source)
	at sun.misc.Launcher$AppClassLoader.loadClass(Unknown Source)
	at java.lang.ClassLoader.loadClass(Unknown Source)
	at org.eclipse.jetty.webapp.WebAppClassLoader.loadClass(WebAppClassLoader.java:430)
	at com.jfinal.server.JFinalClassLoader.loadClass(JFinalClassLoader.java:53)
	... 35 more

2017-10-11 15:28:31
[ERROR]-[Thread: qtp31616440-20]-[com.jfinal.core.ActionHandler.handle()]: /long2ShortUrl?url=123
java.lang.RuntimeException: java.lang.reflect.InvocationTargetException
	at com.jfinal.aop.Invocation.invoke(Invocation.java:87)
	at com.demo.blog.BlogInterceptor.intercept(BlogInterceptor.java:17)
	at com.jfinal.aop.Invocation.invoke(Invocation.java:67)
	at com.jfinal.core.ActionHandler.handle(ActionHandler.java:74)
	at com.jfinal.core.JFinalFilter.doFilter(JFinalFilter.java:73)
	at org.eclipse.jetty.servlet.ServletHandler$CachedChain.doFilter(ServletHandler.java:1307)
	at org.eclipse.jetty.servlet.ServletHandler.doHandle(ServletHandler.java:453)
	at org.eclipse.jetty.server.handler.ScopedHandler.handle(ScopedHandler.java:137)
	at org.eclipse.jetty.security.SecurityHandler.handle(SecurityHandler.java:560)
	at org.eclipse.jetty.server.session.SessionHandler.doHandle(SessionHandler.java:231)
	at org.eclipse.jetty.server.handler.ContextHandler.doHandle(ContextHandler.java:1072)
	at org.eclipse.jetty.servlet.ServletHandler.doScope(ServletHandler.java:382)
	at org.eclipse.jetty.server.session.SessionHandler.doScope(SessionHandler.java:193)
	at org.eclipse.jetty.server.handler.ContextHandler.doScope(ContextHandler.java:1006)
	at org.eclipse.jetty.server.handler.ScopedHandler.handle(ScopedHandler.java:135)
	at org.eclipse.jetty.server.handler.HandlerWrapper.handle(HandlerWrapper.java:116)
	at org.eclipse.jetty.server.Server.handle(Server.java:365)
	at org.eclipse.jetty.server.AbstractHttpConnection.handleRequest(AbstractHttpConnection.java:485)
	at org.eclipse.jetty.server.AbstractHttpConnection.headerComplete(AbstractHttpConnection.java:926)
	at org.eclipse.jetty.server.AbstractHttpConnection$RequestHandler.headerComplete(AbstractHttpConnection.java:988)
	at org.eclipse.jetty.http.HttpParser.parseNext(HttpParser.java:635)
	at org.eclipse.jetty.http.HttpParser.parseAvailable(HttpParser.java:235)
	at org.eclipse.jetty.server.AsyncHttpConnection.handle(AsyncHttpConnection.java:82)
	at org.eclipse.jetty.io.nio.SelectChannelEndPoint.handle(SelectChannelEndPoint.java:628)
	at org.eclipse.jetty.io.nio.SelectChannelEndPoint$1.run(SelectChannelEndPoint.java:52)
	at org.eclipse.jetty.util.thread.QueuedThreadPool.runJob(QueuedThreadPool.java:608)
	at org.eclipse.jetty.util.thread.QueuedThreadPool$3.run(QueuedThreadPool.java:543)
	at java.lang.Thread.run(Unknown Source)
Caused by: java.lang.reflect.InvocationTargetException
	at sun.reflect.NativeMethodAccessorImpl.invoke0(Native Method)
	at sun.reflect.NativeMethodAccessorImpl.invoke(Unknown Source)
	at sun.reflect.DelegatingMethodAccessorImpl.invoke(Unknown Source)
	at java.lang.reflect.Method.invoke(Unknown Source)
	at com.jfinal.aop.Invocation.invoke(Invocation.java:73)
	... 27 more
Caused by: java.lang.NoClassDefFoundError: org/apache/commons/logging/LogFactory
	at org.apache.commons.httpclient.MultiThreadedHttpConnectionManager.<clinit>(MultiThreadedHttpConnectionManager.java:70)
	at weibo4j.http.HttpClient.<init>(HttpClient.java:134)
	at weibo4j.http.HttpClient.<init>(HttpClient.java:129)
	at weibo4j.Weibo.<clinit>(Weibo.java:9)
	at util.ShortUrlService.LongToShortUrl(ShortUrlService.java:9)
	at com.demo.blog.LongtoShortUrlController.index(LongtoShortUrlController.java:34)
	... 32 more
Caused by: java.lang.ClassNotFoundException: org.apache.commons.logging.LogFactory
	at java.net.URLClassLoader.findClass(Unknown Source)
	at org.eclipse.jetty.webapp.WebAppClassLoader.loadClass(WebAppClassLoader.java:421)
	at com.jfinal.server.JFinalClassLoader.loadClass(JFinalClassLoader.java:53)
	... 38 more

2017-10-11 15:38:54
[ERROR]-[Thread: qtp18550058-19]-[com.jfinal.core.ActionHandler.handle()]: /long2ShortUrl?url=http://www.baidu.com
java.lang.ClassCastException: weibo4j.org.json.JSONObject cannot be cast to java.util.Map
	at com.demo.blog.LongtoShortUrlController.index(LongtoShortUrlController.java:36)
	at sun.reflect.NativeMethodAccessorImpl.invoke0(Native Method)
	at sun.reflect.NativeMethodAccessorImpl.invoke(Unknown Source)
	at sun.reflect.DelegatingMethodAccessorImpl.invoke(Unknown Source)
	at java.lang.reflect.Method.invoke(Unknown Source)
	at com.jfinal.aop.Invocation.invoke(Invocation.java:73)
	at com.demo.blog.BlogInterceptor.intercept(BlogInterceptor.java:17)
	at com.jfinal.aop.Invocation.invoke(Invocation.java:67)
	at com.jfinal.core.ActionHandler.handle(ActionHandler.java:74)
	at com.jfinal.core.JFinalFilter.doFilter(JFinalFilter.java:73)
	at org.eclipse.jetty.servlet.ServletHandler$CachedChain.doFilter(ServletHandler.java:1307)
	at org.eclipse.jetty.servlet.ServletHandler.doHandle(ServletHandler.java:453)
	at org.eclipse.jetty.server.handler.ScopedHandler.handle(ScopedHandler.java:137)
	at org.eclipse.jetty.security.SecurityHandler.handle(SecurityHandler.java:560)
	at org.eclipse.jetty.server.session.SessionHandler.doHandle(SessionHandler.java:231)
	at org.eclipse.jetty.server.handler.ContextHandler.doHandle(ContextHandler.java:1072)
	at org.eclipse.jetty.servlet.ServletHandler.doScope(ServletHandler.java:382)
	at org.eclipse.jetty.server.session.SessionHandler.doScope(SessionHandler.java:193)
	at org.eclipse.jetty.server.handler.ContextHandler.doScope(ContextHandler.java:1006)
	at org.eclipse.jetty.server.handler.ScopedHandler.handle(ScopedHandler.java:135)
	at org.eclipse.jetty.server.handler.HandlerWrapper.handle(HandlerWrapper.java:116)
	at org.eclipse.jetty.server.Server.handle(Server.java:365)
	at org.eclipse.jetty.server.AbstractHttpConnection.handleRequest(AbstractHttpConnection.java:485)
	at org.eclipse.jetty.server.AbstractHttpConnection.headerComplete(AbstractHttpConnection.java:926)
	at org.eclipse.jetty.server.AbstractHttpConnection$RequestHandler.headerComplete(AbstractHttpConnection.java:988)
	at org.eclipse.jetty.http.HttpParser.parseNext(HttpParser.java:635)
	at org.eclipse.jetty.http.HttpParser.parseAvailable(HttpParser.java:235)
	at org.eclipse.jetty.server.AsyncHttpConnection.handle(AsyncHttpConnection.java:82)
	at org.eclipse.jetty.io.nio.SelectChannelEndPoint.handle(SelectChannelEndPoint.java:628)
	at org.eclipse.jetty.io.nio.SelectChannelEndPoint$1.run(SelectChannelEndPoint.java:52)
	at org.eclipse.jetty.util.thread.QueuedThreadPool.runJob(QueuedThreadPool.java:608)
	at org.eclipse.jetty.util.thread.QueuedThreadPool$3.run(QueuedThreadPool.java:543)
	at java.lang.Thread.run(Unknown Source)
